----------------------------------------------------------------
Tue Dec 07 11:16:40 IST 2021:
Booting Derby version The Apache Software Foundation - Apache Derby - 10.14.2.0 - (1828579): instance a816c00e-017d-936e-0412-00000279daa0 
on database directory memory:C:\Users\brkgb\eclipse-workspace\SpringBootJpaDerby\9beb055c-c1c8-4b10-ba98-92fd546271b1 with class loader jdk.internal.loader.ClassLoaders$AppClassLoader@4cc77c2e 
Loaded from file:/C:/Users/brkgb/.m2/repository/org/apache/derby/derby/10.14.2.0/derby-10.14.2.0.jar
java.vendor=Oracle Corporation
java.runtime.version=16.0.2+7-67
user.dir=C:\Users\brkgb\eclipse-workspace\SpringBootJpaDerby
os.name=Windows 10
os.arch=amd64
os.version=10.0
derby.system.home=null
Database Class Loader started - derby.database.classpath=''
----------------------------------------------------------------
Tue Dec 07 11:16:57 IST 2021:
Shutting down instance a816c00e-017d-936e-0412-00000279daa0 on database directory memory:C:\Users\brkgb\eclipse-workspace\SpringBootJpaDerby\9beb055c-c1c8-4b10-ba98-92fd546271b1 with class loader jdk.internal.loader.ClassLoaders$AppClassLoader@4cc77c2e 
----------------------------------------------------------------
Tue Dec 07 11:16:58 IST 2021:
Booting Derby version The Apache Software Foundation - Apache Derby - 10.14.2.0 - (1828579): instance 7815c0b6-017d-936e-0412-00000279daa0 
on database directory memory:C:\Users\brkgb\eclipse-workspace\SpringBootJpaDerby\cb77de23-7eb1-4116-9b46-4fbb8937e300 with class loader jdk.internal.loader.ClassLoaders$AppClassLoader@4cc77c2e 
Loaded from file:/C:/Users/brkgb/.m2/repository/org/apache/derby/derby/10.14.2.0/derby-10.14.2.0.jar
java.vendor=Oracle Corporation
java.runtime.version=16.0.2+7-67
user.dir=C:\Users\brkgb\eclipse-workspace\SpringBootJpaDerby
os.name=Windows 10
os.arch=amd64
os.version=10.0
derby.system.home=null
Database Class Loader started - derby.database.classpath=''
----------------------------------------------------------------
Tue Dec 07 11:18:02 IST 2021:
Shutting down instance 7815c0b6-017d-936e-0412-00000279daa0 on database directory memory:C:\Users\brkgb\eclipse-workspace\SpringBootJpaDerby\cb77de23-7eb1-4116-9b46-4fbb8937e300 with class loader jdk.internal.loader.ClassLoaders$AppClassLoader@4cc77c2e 
----------------------------------------------------------------
Tue Dec 07 11:18:03 IST 2021:
Booting Derby version The Apache Software Foundation - Apache Derby - 10.14.2.0 - (1828579): instance 63a4c15e-017d-936e-0412-00000279daa0 
on database directory memory:C:\Users\brkgb\eclipse-workspace\SpringBootJpaDerby\ab1f9a83-4897-4658-8f70-c0021ca18603 with class loader jdk.internal.loader.ClassLoaders$AppClassLoader@4cc77c2e 
Loaded from file:/C:/Users/brkgb/.m2/repository/org/apache/derby/derby/10.14.2.0/derby-10.14.2.0.jar
java.vendor=Oracle Corporation
java.runtime.version=16.0.2+7-67
user.dir=C:\Users\brkgb\eclipse-workspace\SpringBootJpaDerby
os.name=Windows 10
os.arch=amd64
os.version=10.0
derby.system.home=null
Database Class Loader started - derby.database.classpath=''
----------------------------------------------------------------
Tue Dec 07 11:18:27 IST 2021:
Shutting down instance 63a4c15e-017d-936e-0412-00000279daa0 on database directory memory:C:\Users\brkgb\eclipse-workspace\SpringBootJpaDerby\ab1f9a83-4897-4658-8f70-c0021ca18603 with class loader jdk.internal.loader.ClassLoaders$AppClassLoader@4cc77c2e 
----------------------------------------------------------------
Tue Dec 07 11:18:28 IST 2021:
Booting Derby version The Apache Software Foundation - Apache Derby - 10.14.2.0 - (1828579): instance 6ac3c206-017d-936e-0412-00000279daa0 
on database directory memory:C:\Users\brkgb\eclipse-workspace\SpringBootJpaDerby\ed026d93-e6ca-4a2a-abd0-9b7264260750 with class loader jdk.internal.loader.ClassLoaders$AppClassLoader@4cc77c2e 
Loaded from file:/C:/Users/brkgb/.m2/repository/org/apache/derby/derby/10.14.2.0/derby-10.14.2.0.jar
java.vendor=Oracle Corporation
java.runtime.version=16.0.2+7-67
user.dir=C:\Users\brkgb\eclipse-workspace\SpringBootJpaDerby
os.name=Windows 10
os.arch=amd64
os.version=10.0
derby.system.home=null
Database Class Loader started - derby.database.classpath=''
----------------------------------------------------------------
Tue Dec 07 11:18:49 IST 2021:
Shutting down instance 6ac3c206-017d-936e-0412-00000279daa0 on database directory memory:C:\Users\brkgb\eclipse-workspace\SpringBootJpaDerby\ed026d93-e6ca-4a2a-abd0-9b7264260750 with class loader jdk.internal.loader.ClassLoaders$AppClassLoader@4cc77c2e 
----------------------------------------------------------------
Tue Dec 07 11:18:50 IST 2021:
Booting Derby version The Apache Software Foundation - Apache Derby - 10.14.2.0 - (1828579): instance 8d72c2ae-017d-936e-0412-00000279daa0 
on database directory memory:C:\Users\brkgb\eclipse-workspace\SpringBootJpaDerby\d407d92f-62da-4e97-b621-7a3408a3cf44 with class loader jdk.internal.loader.ClassLoaders$AppClassLoader@4cc77c2e 
Loaded from file:/C:/Users/brkgb/.m2/repository/org/apache/derby/derby/10.14.2.0/derby-10.14.2.0.jar
java.vendor=Oracle Corporation
java.runtime.version=16.0.2+7-67
user.dir=C:\Users\brkgb\eclipse-workspace\SpringBootJpaDerby
os.name=Windows 10
os.arch=amd64
os.version=10.0
derby.system.home=null
Database Class Loader started - derby.database.classpath=''
----------------------------------------------------------------
Tue Dec 07 11:19:47 IST 2021:
Shutting down instance 8d72c2ae-017d-936e-0412-00000279daa0 on database directory memory:C:\Users\brkgb\eclipse-workspace\SpringBootJpaDerby\d407d92f-62da-4e97-b621-7a3408a3cf44 with class loader jdk.internal.loader.ClassLoaders$AppClassLoader@4cc77c2e 
----------------------------------------------------------------
Tue Dec 07 11:19:50 IST 2021:
Booting Derby version The Apache Software Foundation - Apache Derby - 10.14.2.0 - (1828579): instance cbb1c356-017d-936e-0412-00000279daa0 
on database directory memory:C:\Users\brkgb\eclipse-workspace\SpringBootJpaDerby\844167d0-333d-4c41-8b21-6880fb3eec21 with class loader jdk.internal.loader.ClassLoaders$AppClassLoader@4cc77c2e 
Loaded from file:/C:/Users/brkgb/.m2/repository/org/apache/derby/derby/10.14.2.0/derby-10.14.2.0.jar
java.vendor=Oracle Corporation
java.runtime.version=16.0.2+7-67
user.dir=C:\Users\brkgb\eclipse-workspace\SpringBootJpaDerby
os.name=Windows 10
os.arch=amd64
os.version=10.0
derby.system.home=null
Database Class Loader started - derby.database.classpath=''
----------------------------------------------------------------
Tue Dec 07 11:20:33 IST 2021:
Shutting down instance cbb1c356-017d-936e-0412-00000279daa0 on database directory memory:C:\Users\brkgb\eclipse-workspace\SpringBootJpaDerby\844167d0-333d-4c41-8b21-6880fb3eec21 with class loader jdk.internal.loader.ClassLoaders$AppClassLoader@4cc77c2e 
----------------------------------------------------------------
Tue Dec 07 11:20:34 IST 2021:
Booting Derby version The Apache Software Foundation - Apache Derby - 10.14.2.0 - (1828579): instance 2580c3fe-017d-936e-0412-00000279daa0 
on database directory memory:C:\Users\brkgb\eclipse-workspace\SpringBootJpaDerby\c8a24b8b-0523-4dc4-83a1-35c62c23dd9d with class loader jdk.internal.loader.ClassLoaders$AppClassLoader@4cc77c2e 
Loaded from file:/C:/Users/brkgb/.m2/repository/org/apache/derby/derby/10.14.2.0/derby-10.14.2.0.jar
java.vendor=Oracle Corporation
java.runtime.version=16.0.2+7-67
user.dir=C:\Users\brkgb\eclipse-workspace\SpringBootJpaDerby
os.name=Windows 10
os.arch=amd64
os.version=10.0
derby.system.home=null
Database Class Loader started - derby.database.classpath=''
----------------------------------------------------------------
Tue Dec 07 11:24:19 IST 2021:
Shutting down instance 2580c3fe-017d-936e-0412-00000279daa0 on database directory memory:C:\Users\brkgb\eclipse-workspace\SpringBootJpaDerby\c8a24b8b-0523-4dc4-83a1-35c62c23dd9d with class loader jdk.internal.loader.ClassLoaders$AppClassLoader@4cc77c2e 
----------------------------------------------------------------
Tue Dec 07 11:24:25 IST 2021:
Booting Derby version The Apache Software Foundation - Apache Derby - 10.14.2.0 - (1828579): instance 9adfc4a6-017d-936e-0412-00000279daa0 
on database directory memory:C:\Users\brkgb\eclipse-workspace\SpringBootJpaDerby\0bbbe342-8e93-4e4b-8a00-695559a25e75 with class loader jdk.internal.loader.ClassLoaders$AppClassLoader@4cc77c2e 
Loaded from file:/C:/Users/brkgb/.m2/repository/org/apache/derby/derby/10.14.2.0/derby-10.14.2.0.jar
java.vendor=Oracle Corporation
java.runtime.version=16.0.2+7-67
user.dir=C:\Users\brkgb\eclipse-workspace\SpringBootJpaDerby
os.name=Windows 10
os.arch=amd64
os.version=10.0
derby.system.home=null
Database Class Loader started - derby.database.classpath=''
----------------------------------------------------------------
Tue Dec 07 11:24:41 IST 2021:
Shutting down instance 9adfc4a6-017d-936e-0412-00000279daa0 on database directory memory:C:\Users\brkgb\eclipse-workspace\SpringBootJpaDerby\0bbbe342-8e93-4e4b-8a00-695559a25e75 with class loader jdk.internal.loader.ClassLoaders$AppClassLoader@4cc77c2e 
----------------------------------------------------------------
Tue Dec 07 11:24:41 IST 2021:
Booting Derby version The Apache Software Foundation - Apache Derby - 10.14.2.0 - (1828579): instance 2bcec54e-017d-936e-0412-00000279daa0 
on database directory memory:C:\Users\brkgb\eclipse-workspace\SpringBootJpaDerby\6f36390f-0d02-43d3-9864-58a37e7f5546 with class loader jdk.internal.loader.ClassLoaders$AppClassLoader@4cc77c2e 
Loaded from file:/C:/Users/brkgb/.m2/repository/org/apache/derby/derby/10.14.2.0/derby-10.14.2.0.jar
java.vendor=Oracle Corporation
java.runtime.version=16.0.2+7-67
user.dir=C:\Users\brkgb\eclipse-workspace\SpringBootJpaDerby
os.name=Windows 10
os.arch=amd64
os.version=10.0
derby.system.home=null
Database Class Loader started - derby.database.classpath=''
----------------------------------------------------------------
Tue Dec 07 11:24:54 IST 2021:
Shutting down instance 2bcec54e-017d-936e-0412-00000279daa0 on database directory memory:C:\Users\brkgb\eclipse-workspace\SpringBootJpaDerby\6f36390f-0d02-43d3-9864-58a37e7f5546 with class loader jdk.internal.loader.ClassLoaders$AppClassLoader@4cc77c2e 
----------------------------------------------------------------
Tue Dec 07 11:24:55 IST 2021:
Booting Derby version The Apache Software Foundation - Apache Derby - 10.14.2.0 - (1828579): instance d84dc5f6-017d-936e-0412-00000279daa0 
on database directory memory:C:\Users\brkgb\eclipse-workspace\SpringBootJpaDerby\9fe6c713-0e13-480d-95c9-bbcf906753b5 with class loader jdk.internal.loader.ClassLoaders$AppClassLoader@4cc77c2e 
Loaded from file:/C:/Users/brkgb/.m2/repository/org/apache/derby/derby/10.14.2.0/derby-10.14.2.0.jar
java.vendor=Oracle Corporation
java.runtime.version=16.0.2+7-67
user.dir=C:\Users\brkgb\eclipse-workspace\SpringBootJpaDerby
os.name=Windows 10
os.arch=amd64
os.version=10.0
derby.system.home=null
Database Class Loader started - derby.database.classpath=''
----------------------------------------------------------------
Tue Dec 07 11:26:56 IST 2021:
Shutting down instance d84dc5f6-017d-936e-0412-00000279daa0 on database directory memory:C:\Users\brkgb\eclipse-workspace\SpringBootJpaDerby\9fe6c713-0e13-480d-95c9-bbcf906753b5 with class loader jdk.internal.loader.ClassLoaders$AppClassLoader@4cc77c2e 
